<?xml version="1.0" encoding="UTF-8"?>
<testsuite xmlns:xsi="http://www.w3.org/2001/XMLSchema-instance" xsi:noNamespaceSchemaLocation="https://maven.apache.org/surefire/maven-surefire-plugin/xsd/surefire-test-report.xsd" name="br.com.alura.forum.repository.CursoRepositoryTest" time="0.915" tests="2" errors="0" skipped="0" failures="0">
  <properties>
[...]
</properties>
  <testcase name="deveriaCarregarUmCursoAoBuscarPeloSeuNome" classname="br.com.alura.forum.repository.CursoRepositoryTest" time="0.25"/>
  <testcase name="NaoDeveriaCarregarUmCursoCujoNomeNaoEstejaCadastrado" classname="br.com.alura.forum.repository.CursoRepositoryTest" time="0.007"/>
</testsuite>